<?xml version="1.0" encoding="UTF-8" ?>
<testsuite errors="1" failures="0" hostname="miracle-PC" name="com.msb.utilities.ActionAuthorization" skipped="0" tests="1" time="65.479" timestamp="2016-06-27T15:13:11">
  <properties>
[...]
</properties>
  <testcase classname="com.msb.utilities.ActionAuthorization" name="testActionAuthorization" time="65.203">
    <error message="Unexpected modal dialog (text: Error occured): Error occured&#xa;Build info: version: &apos;2.45.0&apos;, revision: &apos;32a636c&apos;, time: &apos;2015-03-05 22:01:35&apos;&#xa;System info: host: &apos;miracle-PC&apos;, ip: &apos;172.17.7.45&apos;, os.name: &apos;Windows 7&apos;, os.arch: &apos;amd64&apos;, os.version: &apos;6.1&apos;, java.version: &apos;1.7.0_51&apos;&#xa;*** Element info: {Using=xpath, value=//a[@id=&apos;dropdownMenu2&apos;]/font/span/i}&#xa;Session ID: 00cd24d5-6c46-43e4-90c7-26fa294e5903&#xa;Driver info: org.openqa.selenium.firefox.FirefoxDriver&#xa;Capabilities [{platform=WINDOWS, acceptSslCerts=true, javascriptEnabled=true, cssSelectorsEnabled=true, databaseEnabled=true, browserName=firefox, handlesAlerts=true, nativeEvents=false, webStorageEnabled=true, rotatable=false, locationContextEnabled=true, applicationCacheEnabled=true, takesScreenshot=true, version=35.0.1}]" type="org.openqa.selenium.UnhandledAlertException">org.openqa.selenium.UnhandledAlertException: Unexpected modal dialog (text: Error occured): Error occured
Build info: version: &apos;2.45.0&apos;, revision: &apos;32a636c&apos;, time: &apos;2015-03-05 22:01:35&apos;
System info: host: &apos;miracle-PC&apos;, ip: &apos;172.17.7.45&apos;, os.name: &apos;Windows 7&apos;, os.arch: &apos;amd64&apos;, os.version: &apos;6.1&apos;, java.version: &apos;1.7.0_51&apos;
*** Element info: {Using=xpath, value=//a[@id=&apos;dropdownMenu2&apos;]/font/span/i}
Session ID: 00cd24d5-6c46-43e4-90c7-26fa294e5903
Driver info: org.openqa.selenium.firefox.FirefoxDriver
Capabilities [{platform=WINDOWS, acceptSslCerts=true, javascriptEnabled=true, cssSelectorsEnabled=true, databaseEnabled=true, browserName=firefox, handlesAlerts=true, nativeEvents=false, webStorageEnabled=true, rotatable=false, locationContextEnabled=true, applicationCacheEnabled=true, takesScreenshot=true, version=35.0.1}]
	at java.lang.reflect.Constructor.newInstance(Constructor.java:526)
	at org.openqa.selenium.remote.ErrorHandler.createThrowable(ErrorHandler.java:204)
	at org.openqa.selenium.remote.ErrorHandler.createUnhandledAlertException(ErrorHandler.java:185)
	at org.openqa.selenium.remote.ErrorHandler.throwIfResponseFailed(ErrorHandler.java:152)
	at org.openqa.selenium.remote.RemoteWebDriver.execute(RemoteWebDriver.java:599)
	at org.openqa.selenium.remote.RemoteWebDriver.findElement(RemoteWebDriver.java:352)
	at org.openqa.selenium.remote.RemoteWebDriver.findElementByXPath(RemoteWebDriver.java:449)
	at org.openqa.selenium.By$ByXPath.findElement(By.java:357)
	at org.openqa.selenium.remote.RemoteWebDriver.findElement(RemoteWebDriver.java:344)
	at com.msb.util.MSBUtils.userLogOut(MSBUtils.java:95)
	at com.msb.utilities.ActionAuthorization.testActionAuthorization(ActionAuthorization.java:122)
</error>
  </testcase>
  <system-out><![CDATA[running from Selenium
Action Authorization actionAuthorization
Location--->/C:/Program%20Files/Java/jdk1.7.0_51/jre/lib/ext/junit-dep-4.11.jar
Location Path--->D:\SVN_hubble\trunk\MSBWorkSpace\MSBWorkSpace
Entered writelog
2016/06/27
filepath-->D:\SVN_hubble\trunk\MSBWorkSpace\MSBWorkSpace//report/
Was file deleted ? : false
D:\SVN_hubble\trunk\MSBWorkSpace\MSBWorkSpace//report/MSBReport.txt
Time---->64
diffMs==================================>64
Inside if
diffSec-->64000Min-->1Sec--->4
2016/06/27
Was file deleted ? : false
D:\SVN_hubble\trunk\MSBWorkSpace\MSBWorkSpace//report/MSBReport.html
]]></system-out>
  <system-err><![CDATA[log4j:WARN No appenders could be found for logger (org.apache.http.client.protocol.RequestAddCookies).
log4j:WARN Please initialize the log4j system properly.
log4j:WARN See http://logging.apache.org/log4j/1.2/faq.html#noconfig for more info.
]]></system-err>
</testsuite>
